# JRE version: OpenJDK Runtime Environment (11.0.8+10) (build 11.0.8+10-post-Ubuntu-0ubuntu120.04)
# Java VM: OpenJDK 64-Bit Server VM (11.0.8+10-post-Ubuntu-0ubuntu120.04, mixed mode, sharing, tiered, compressed oops, serial gc, linux-amd64)
Heap:
 def new generation   total 37440K, used 37299K [0x0000000086800000, 0x00000000890a0000, 0x00000000af000000)
  eden space 33280K, 100% used [0x0000000086800000, 0x0000000088880000, 0x0000000088880000)
  from space 4160K,  96% used [0x0000000088c90000, 0x000000008907cc08, 0x00000000890a0000)
  to   space 4160K,  56% used [0x0000000088880000, 0x0000000088acb740, 0x0000000088c90000)
 tenured generation   total 83328K, used 3357K [0x00000000af000000, 0x00000000b4160000, 0x0000000100000000)
   the space 83328K,   4% used [0x00000000af000000, 0x00000000af3477c0, 0x00000000af347800, 0x00000000b4160000)
 Metaspace       used 18316K, capacity 19325K, committed 19456K, reserved 1064960K
  class space    used 2642K, capacity 3063K, committed 3072K, reserved 1048576K
GC Heap History (3 events):
Event: 4.651 GC heap before
{Heap before GC invocations=0 (full 0):
 def new generation   total 37440K, used 33280K [0x0000000086800000, 0x00000000890a0000, 0x00000000af000000)
  eden space 33280K, 100% used [0x0000000086800000, 0x0000000088880000, 0x0000000088880000)
  from space 4160K,   0% used [0x0000000088880000, 0x0000000088880000, 0x0000000088c90000)
  to   space 4160K,   0% used [0x0000000088c90000, 0x0000000088c90000, 0x00000000890a0000)
 tenured generation   total 83328K, used 0K [0x00000000af000000, 0x00000000b4160000, 0x0000000100000000)
   the space 83328K,   0% used [0x00000000af000000, 0x00000000af000000, 0x00000000af000200, 0x00000000b4160000)
 Metaspace       used 10212K, capacity 10657K, committed 11008K, reserved 1058816K
  class space    used 1222K, capacity 1416K, committed 1536K, reserved 1048576K
}
Event: 4.686 GC heap after
{Heap after GC invocations=1 (full 0):
 def new generation   total 37440K, used 4019K [0x0000000086800000, 0x00000000890a0000, 0x00000000af000000)
  eden space 33280K,   0% used [0x0000000086800000, 0x0000000086800000, 0x0000000088880000)
  from space 4160K,  96% used [0x0000000088c90000, 0x000000008907cc08, 0x00000000890a0000)
  to   space 4160K,   0% used [0x0000000088880000, 0x0000000088880000, 0x0000000088c90000)
 tenured generation   total 83328K, used 0K [0x00000000af000000, 0x00000000b4160000, 0x0000000100000000)
   the space 83328K,   0% used [0x00000000af000000, 0x00000000af000000, 0x00000000af000200, 0x00000000b4160000)
 Metaspace       used 10212K, capacity 10657K, committed 11008K, reserved 1058816K
  class space    used 1222K, capacity 1416K, committed 1536K, reserved 1048576K
}
Event: 8.382 GC heap before
{Heap before GC invocations=1 (full 0):
 def new generation   total 37440K, used 37299K [0x0000000086800000, 0x00000000890a0000, 0x00000000af000000)
  eden space 33280K, 100% used [0x0000000086800000, 0x0000000088880000, 0x0000000088880000)
  from space 4160K,  96% used [0x0000000088c90000, 0x000000008907cc08, 0x00000000890a0000)
  to   space 4160K,   0% used [0x0000000088880000, 0x0000000088880000, 0x0000000088c90000)
 tenured generation   total 83328K, used 0K [0x00000000af000000, 0x00000000b4160000, 0x0000000100000000)
   the space 83328K,   0% used [0x00000000af000000, 0x00000000af000000, 0x00000000af000200, 0x00000000b4160000)
 Metaspace       used 18316K, capacity 19325K, committed 19456K, reserved 1064960K
  class space    used 2642K, capacity 3063K, committed 3072K, reserved 1048576K
}

